<?xml version="1.0" encoding="UTF-8"?>
<!-- Generated by org.testng.reporters.JUnitReportReporter -->
<testsuite skipped="0" hostname="DESKTOP-S3PC6P3" name="SeleniumAutomation.MavenFramework.SeleniumTest2" tests="2" failures="0" timestamp="2021-07-27T18:09:40 CDT" time="0.004" errors="0">
  <testcase name="test3" time="0.004" classname="SeleniumAutomation.MavenFramework.SeleniumTest2"/>
  <system-out/>
  <testcase name="test4" time="0.000" classname="SeleniumAutomation.MavenFramework.SeleniumTest2"/>
  <system-out/>
</testsuite> <!-- SeleniumAutomation.MavenFramework.SeleniumTest2 -->
